\BOOKMARK [0][-]{section*.1}{Summary}{}% 1
\BOOKMARK [0][-]{section*.2}{Preface}{}% 2
\BOOKMARK [0][-]{chapter*.3}{Table of Contents}{}% 3
\BOOKMARK [0][-]{chapter*.4}{List of Tables}{}% 4
\BOOKMARK [0][-]{chapter*.5}{List of Figures}{}% 5
\BOOKMARK [0][-]{section*.6}{Abbreviations}{}% 6
\BOOKMARK [0][-]{chapter.1}{Introduction}{}% 7
\BOOKMARK [1][-]{section.1.1}{Background and motivation}{chapter.1}% 8
\BOOKMARK [1][-]{section.1.2}{Previous work}{chapter.1}% 9
\BOOKMARK [1][-]{section.1.3}{Goal of thesis}{chapter.1}% 10
\BOOKMARK [1][-]{section.1.4}{Layout of thesis}{chapter.1}% 11
\BOOKMARK [1][-]{section.1.5}{Figures}{chapter.1}% 12
\BOOKMARK [1][-]{section.1.6}{References}{chapter.1}% 13
\BOOKMARK [1][-]{section.1.7}{Tables}{chapter.1}% 14
\BOOKMARK [0][-]{chapter.2}{Background Theory}{}% 15
\BOOKMARK [1][-]{section.2.1}{Path planing}{chapter.2}% 16
\BOOKMARK [2][-]{subsection.2.1.1}{Straight lines}{section.2.1}% 17
\BOOKMARK [2][-]{subsection.2.1.2}{Interpolation}{section.2.1}% 18
\BOOKMARK [2][-]{subsection.2.1.3}{Dubins path}{section.2.1}% 19
\BOOKMARK [1][-]{section.2.2}{GPS}{chapter.2}% 20
\BOOKMARK [2][-]{subsection.2.2.1}{RTKGPS}{section.2.2}% 21
\BOOKMARK [0][-]{chapter.3}{System Components}{}% 22
\BOOKMARK [1][-]{section.3.1}{Software}{chapter.3}% 23
\BOOKMARK [2][-]{subsection.3.1.1}{Dune}{section.3.1}% 24
\BOOKMARK [2][-]{subsection.3.1.2}{Netpus}{section.3.1}% 25
\BOOKMARK [2][-]{subsection.3.1.3}{Ardupilot}{section.3.1}% 26
\BOOKMARK [2][-]{subsection.3.1.4}{RTKGPS}{section.3.1}% 27
\BOOKMARK [1][-]{section.3.2}{Physical system}{chapter.3}% 28
\BOOKMARK [2][-]{subsection.3.2.1}{x8 with all components}{section.3.2}% 29
\BOOKMARK [0][-]{chapter.4}{Method}{}% 30
\BOOKMARK [0][-]{chapter.5}{Experimental testing}{}% 31
\BOOKMARK [1][-]{section.5.1}{SIL testing}{chapter.5}% 32
\BOOKMARK [1][-]{section.5.2}{Physical testing}{chapter.5}% 33
\BOOKMARK [2][-]{subsection.5.2.1}{Fly test}{section.5.2}% 34
\BOOKMARK [2][-]{subsection.5.2.2}{GPS test}{section.5.2}% 35
\BOOKMARK [0][-]{chapter.6}{Conclusion and Discussion}{}% 36
\BOOKMARK [0][-]{chapter.6}{Bibliography}{}% 37
\BOOKMARK [0][-]{section*.9}{Appendix}{}% 38
